<?xml version="1.0" encoding="UTF-8"?>
<testng-results ignored="0" total="1" passed="1" failed="0" skipped="0">
  <reporter-output>
  </reporter-output>
  <suite started-at="2024-01-28T15:30:36 IST" name="Default suite" finished-at="2024-01-28T15:31:03 IST" duration-ms="26213">
    <groups>
    </groups>
    <test started-at="2024-01-28T15:30:36 IST" name="Default test" finished-at="2024-01-28T15:31:03 IST" duration-ms="26213">
      <class name="frames.test">
        <test-method signature="setup()[pri:0, instance:frames.test@1b11171f]" started-at="2024-01-28T15:30:37 IST" name="setup" finished-at="2024-01-28T15:31:03 IST" duration-ms="26093" status="PASS">
          <reporter-output>
          </reporter-output>
        </test-method> <!-- setup -->
      </class> <!-- frames.test -->
    </test> <!-- Default test -->
  </suite> <!-- Default suite -->
</testng-results>
